[ 2026-04-21 12:48:50,330 ] 97 werkzeug - INFO - [31m[1mWARNING: This is a development server. Do not use it in a production deployment. Use a production WSGI server instead.[0m
 * Running on http://127.0.0.1:5000
[ 2026-04-21 12:48:50,330 ] 97 werkzeug - INFO - [33mPress CTRL+C to quit[0m
[ 2026-04-21 12:48:50,331 ] 97 werkzeug - INFO -  * Restarting with stat
[ 2026-04-21 12:48:50,590 ] 97 werkzeug - WARNING -  * Debugger is active!
[ 2026-04-21 12:48:50,593 ] 97 werkzeug - INFO -  * Debugger PIN: 500-402-982
[ 2026-04-21 19:51:54,253 ] 97 werkzeug - INFO -  * Detected change in 'C:\\Users\\asus\\Desktop\\New_project_youtube\\ml_pipeline_project\\src\\exception.py', reloading
[ 2026-04-21 19:51:54,547 ] 97 werkzeug - INFO -  * Restarting with stat
[ 2026-04-21 23:45:58,478 ] 97 werkzeug - INFO -  * Restarting with stat
[ 2026-04-21 23:47:03,937 ] 97 werkzeug - INFO -  * Restarting with stat
[ 2026-04-21 23:47:04,938 ] 97 werkzeug - INFO -  * Restarting with stat
[ 2026-04-21 23:47:35,721 ] 97 werkzeug - INFO -  * Restarting with stat
[ 2026-04-21 23:47:37,879 ] 97 werkzeug - INFO -  * Restarting with stat
[ 2026-04-22 00:13:48,667 ] 97 werkzeug - INFO -  * Restarting with stat
[ 2026-04-22 00:13:50,668 ] 97 werkzeug - INFO -  * Restarting with stat
[ 2026-04-22 00:15:07,584 ] 97 werkzeug - INFO -  * Restarting with stat
[ 2026-04-22 00:15:12,506 ] 97 werkzeug - INFO -  * Restarting with stat
[ 2026-04-22 00:15:16,806 ] 97 werkzeug - INFO -  * Restarting with stat
[ 2026-04-22 00:17:51,091 ] 97 werkzeug - INFO -  * Restarting with stat
[ 2026-04-22 00:17:56,537 ] 97 werkzeug - INFO -  * Restarting with stat
[ 2026-04-22 00:23:21,328 ] 97 werkzeug - INFO -  * Restarting with stat
[ 2026-04-22 19:43:21,583 ] 97 werkzeug - INFO -  * Restarting with stat
[ 2026-04-22 19:48:22,591 ] 97 werkzeug - INFO -  * Restarting with stat
[ 2026-04-22 20:07:36,721 ] 97 werkzeug - INFO -  * Restarting with stat
[ 2026-04-22 20:07:40,078 ] 97 werkzeug - INFO -  * Restarting with stat
[ 2026-04-22 20:08:06,401 ] 97 werkzeug - INFO -  * Restarting with stat
[ 2026-04-22 20:08:09,619 ] 97 werkzeug - INFO -  * Restarting with stat
[ 2026-04-22 20:08:15,443 ] 97 werkzeug - INFO -  * Restarting with stat
[ 2026-04-22 20:08:17,761 ] 97 werkzeug - INFO -  * Restarting with stat
[ 2026-04-22 20:08:33,793 ] 97 werkzeug - INFO -  * Restarting with stat
[ 2026-04-22 20:08:34,633 ] 97 werkzeug - INFO -  * Restarting with stat
